<?xml version="1.0" encoding="UTF-8"?>
<testsuite xmlns:xsi="http://www.w3.org/2001/XMLSchema-instance" xsi:noNamespaceSchemaLocation="https://maven.apache.org/surefire/maven-surefire-plugin/xsd/surefire-test-report.xsd" name="com.pertemuan9.AirportTest" time="0.03" tests="4" errors="0" skipped="0" failures="0">
  <properties>
[...]
</properties>
  <testcase name="testBusinessFlightRegularPassenger" classname="com.pertemuan9.AirportTest$BusinessFlightTest$RegularPassenger" time="0.015"/>
  <testcase name="testBusinessFlightVipPassenger" classname="com.pertemuan9.AirportTest$BusinessFlightTest$VipPassenger" time="0.005"/>
  <testcase name="testEconomyFlightRegularPassenger" classname="com.pertemuan9.AirportTest$EconomyFlightTest$RegularPassenger" time="0"/>
  <testcase name="testEconomyFlightVipPassenger" classname="com.pertemuan9.AirportTest$EconomyFlightTest$VipPassenger" time="0"/>
</testsuite>